[debug] [2018-05-09T05:01:24.247Z] ----------------------------------------------------------------------
[debug] [2018-05-09T05:01:24.250Z] Command:       E:\Program Files\nodejs\node.exe C:\Users\Howard\AppData\Roaming\npm\node_modules\firebase-tools\bin\firebase deploy
[debug] [2018-05-09T05:01:24.250Z] CLI Version:   3.14.0
[debug] [2018-05-09T05:01:24.250Z] Platform:      win32
[debug] [2018-05-09T05:01:24.250Z] Node Version:  v8.9.1
[debug] [2018-05-09T05:01:24.251Z] Time:          Wed May 09 2018 13:01:24 GMT+0800 (中国标准时间)
[debug] [2018-05-09T05:01:24.251Z] ----------------------------------------------------------------------
[debug] 
[debug] [2018-05-09T05:01:24.277Z] > command requires scopes: ["email","openid","https://www.googleapis.com/auth/cloudplatformprojects.readonly","https://www.googleapis.com/auth/firebase","https://www.googleapis.com/auth/cloud-platform"]
[debug] [2018-05-09T05:01:24.278Z] > authorizing via signed-in user
[debug] [2018-05-09T05:01:24.280Z] > refreshing access token with scopes: ["email","https://www.googleapis.com/auth/cloud-platform","https://www.googleapis.com/auth/cloudplatformprojects.readonly","https://www.googleapis.com/auth/firebase","openid"]
[debug] [2018-05-09T05:01:24.280Z] >>> HTTP REQUEST POST https://www.googleapis.com/oauth2/v3/token { refresh_token: '1/j-Ualeho_LZ6AeeWGeQGGzU_g-BRyhAvzthwlZhA4g8',
  client_id: '563584335869-fgrhgmd47bqnekij5i8b5pr03ho849e6.apps.googleusercontent.com',
  client_secret: 'j9iVZfS8kkCEFUPaAeJV0sAi',
  grant_type: 'refresh_token',
  scope: 'email https://www.googleapis.com/auth/cloud-platform https://www.googleapis.com/auth/cloudplatformprojects.readonly https://www.googleapis.com/auth/firebase openid' } 
 Wed May 09 2018 13:01:24 GMT+0800 (中国标准时间)
[debug] [2018-05-09T05:01:24.462Z] <<< HTTP RESPONSE 200
[debug] [2018-05-09T05:01:24.488Z] >>> HTTP REQUEST GET https://admin.firebase.com/v1/projects/launcherfreegp  
 Wed May 09 2018 13:01:24 GMT+0800 (中国标准时间)
[debug] [2018-05-09T05:01:25.546Z] <<< HTTP RESPONSE 200
[debug] [2018-05-09T05:01:25.548Z] >>> HTTP REQUEST GET https://admin.firebase.com/v1/database/launcherfreegp/tokens  
 Wed May 09 2018 13:01:25 GMT+0800 (中国标准时间)
[debug] [2018-05-09T05:01:26.474Z] <<< HTTP RESPONSE 200
[debug] [2018-05-15T06:35:28.882Z] ----------------------------------------------------------------------
[debug] [2018-05-15T06:35:28.884Z] Command:       E:\Program Files\nodejs\node.exe C:\Users\Howard\AppData\Roaming\npm\node_modules\firebase-tools\bin\firebase deploy
[debug] [2018-05-15T06:35:28.884Z] CLI Version:   3.14.0
[debug] [2018-05-15T06:35:28.884Z] Platform:      win32
[debug] [2018-05-15T06:35:28.884Z] Node Version:  v8.9.1
[debug] [2018-05-15T06:35:28.885Z] Time:          Tue May 15 2018 14:35:28 GMT+0800 (中国标准时间)
[debug] [2018-05-15T06:35:28.885Z] ----------------------------------------------------------------------
[debug] 
[debug] [2018-05-15T06:35:28.911Z] > command requires scopes: ["email","openid","https://www.googleapis.com/auth/cloudplatformprojects.readonly","https://www.googleapis.com/auth/firebase","https://www.googleapis.com/auth/cloud-platform"]
[debug] [2018-05-15T06:35:28.912Z] > authorizing via signed-in user
[debug] [2018-05-15T06:35:28.914Z] > refreshing access token with scopes: ["email","https://www.googleapis.com/auth/cloud-platform","https://www.googleapis.com/auth/cloudplatformprojects.readonly","https://www.googleapis.com/auth/firebase","openid"]
[debug] [2018-05-15T06:35:28.915Z] >>> HTTP REQUEST POST https://www.googleapis.com/oauth2/v3/token { refresh_token: '1/j-Ualeho_LZ6AeeWGeQGGzU_g-BRyhAvzthwlZhA4g8',
  client_id: '563584335869-fgrhgmd47bqnekij5i8b5pr03ho849e6.apps.googleusercontent.com',
  client_secret: 'j9iVZfS8kkCEFUPaAeJV0sAi',
  grant_type: 'refresh_token',
  scope: 'email https://www.googleapis.com/auth/cloud-platform https://www.googleapis.com/auth/cloudplatformprojects.readonly https://www.googleapis.com/auth/firebase openid' } 
 Tue May 15 2018 14:35:28 GMT+0800 (中国标准时间)
[debug] [2018-05-15T06:35:29.758Z] <<< HTTP RESPONSE 200
[debug] [2018-05-15T06:35:29.776Z] >>> HTTP REQUEST GET https://admin.firebase.com/v1/projects/launcherfreegp  
 Tue May 15 2018 14:35:29 GMT+0800 (中国标准时间)
